# JRE version: Java(TM) SE Runtime Environment (7.0_71-b14) (build 1.7.0_71-b14)
# Java VM: Java HotSpot(TM) 64-Bit Server VM (24.71-b01 mixed mode windows-amd64 compressed oops)
Heap
 PSYoungGen      total 278528K, used 108857K [0x00000000eaa80000, 0x0000000100000000, 0x0000000100000000)
  eden space 207360K, 18% used [0x00000000eaa80000,0x00000000ecfce0f0,0x00000000f7500000)
  from space 71168K, 99% used [0x00000000f7500000,0x00000000fba00480,0x00000000fba80000)
  to   space 71168K, 0% used [0x00000000fba80000,0x00000000fba80000,0x0000000100000000)
 ParOldGen       total 136704K, used 52078K [0x00000000c0000000, 0x00000000c8580000, 0x00000000eaa80000)
  object space 136704K, 38% used [0x00000000c0000000,0x00000000c32db8b0,0x00000000c8580000)
 PSPermGen       total 117760K, used 113219K [0x00000000b0000000, 0x00000000b7300000, 0x00000000c0000000)
  object space 117760K, 96% used [0x00000000b0000000,0x00000000b6e90e88,0x00000000b7300000)
GC Heap History (10 events):
Event: 5049.322 GC heap before
{Heap before GC invocations=41 (full 8):
 PSYoungGen      total 260608K, used 209920K [0x00000000eaa80000, 0x00000000fda80000, 0x0000000100000000)
  eden space 209920K, 100% used [0x00000000eaa80000,0x00000000f7780000,0x00000000f7780000)
  from space 50688K, 0% used [0x00000000fa900000,0x00000000fa900000,0x00000000fda80000)
  to   space 50688K, 0% used [0x00000000f7780000,0x00000000f7780000,0x00000000fa900000)
 ParOldGen       total 136704K, used 45627K [0x00000000c0000000, 0x00000000c8580000, 0x00000000eaa80000)
  object space 136704K, 33% used [0x00000000c0000000,0x00000000c2c8ed18,0x00000000c8580000)
 PSPermGen       total 117760K, used 87183K [0x00000000b0000000, 0x00000000b7300000, 0x00000000c0000000)
  object space 117760K, 74% used [0x00000000b0000000,0x00000000b5523cb8,0x00000000b7300000)
Event: 5049.444 GC heap after
Heap after GC invocations=41 (full 8):
 PSYoungGen      total 260608K, used 21933K [0x00000000eaa80000, 0x00000000fe000000, 0x0000000100000000)
  eden space 209920K, 0% used [0x00000000eaa80000,0x00000000eaa80000,0x00000000f7780000)
  from space 50688K, 43% used [0x00000000f7780000,0x00000000f8ceb630,0x00000000fa900000)
  to   space 48640K, 0% used [0x00000000fb080000,0x00000000fb080000,0x00000000fe000000)
 ParOldGen       total 136704K, used 45627K [0x00000000c0000000, 0x00000000c8580000, 0x00000000eaa80000)
  object space 136704K, 33% used [0x00000000c0000000,0x00000000c2c8ed18,0x00000000c8580000)
 PSPermGen       total 117760K, used 87183K [0x00000000b0000000, 0x00000000b7300000, 0x00000000c0000000)
  object space 117760K, 74% used [0x00000000b0000000,0x00000000b5523cb8,0x00000000b7300000)
}
Event: 5054.285 GC heap before
{Heap before GC invocations=42 (full 8):
 PSYoungGen      total 260608K, used 231853K [0x00000000eaa80000, 0x00000000fe000000, 0x0000000100000000)
  eden space 209920K, 100% used [0x00000000eaa80000,0x00000000f7780000,0x00000000f7780000)
  from space 50688K, 43% used [0x00000000f7780000,0x00000000f8ceb630,0x00000000fa900000)
  to   space 48640K, 0% used [0x00000000fb080000,0x00000000fb080000,0x00000000fe000000)
 ParOldGen       total 136704K, used 45627K [0x00000000c0000000, 0x00000000c8580000, 0x00000000eaa80000)
  object space 136704K, 33% used [0x00000000c0000000,0x00000000c2c8ed18,0x00000000c8580000)
 PSPermGen       total 117760K, used 94702K [0x00000000b0000000, 0x00000000b7300000, 0x00000000c0000000)
  object space 117760K, 80% used [0x00000000b0000000,0x00000000b5c7b968,0x00000000b7300000)
Event: 5054.361 GC heap after
Heap after GC invocations=42 (full 8):
 PSYoungGen      total 263680K, used 40624K [0x00000000eaa80000, 0x00000000fee80000, 0x0000000100000000)
  eden space 215040K, 0% used [0x00000000eaa80000,0x00000000eaa80000,0x00000000f7c80000)
  from space 48640K, 83% used [0x00000000fb080000,0x00000000fd82c3b0,0x00000000fe000000)
  to   space 53248K, 0% used [0x00000000f7c80000,0x00000000f7c80000,0x00000000fb080000)
 ParOldGen       total 136704K, used 45627K [0x00000000c0000000, 0x00000000c8580000, 0x00000000eaa80000)
  object space 136704K, 33% used [0x00000000c0000000,0x00000000c2c8ed18,0x00000000c8580000)
 PSPermGen       total 117760K, used 94702K [0x00000000b0000000, 0x00000000b7300000, 0x00000000c0000000)
  object space 117760K, 80% used [0x00000000b0000000,0x00000000b5c7b968,0x00000000b7300000)
}
Event: 5074.759 GC heap before
{Heap before GC invocations=43 (full 8):
 PSYoungGen      total 263680K, used 255664K [0x00000000eaa80000, 0x00000000fee80000, 0x0000000100000000)
  eden space 215040K, 100% used [0x00000000eaa80000,0x00000000f7c80000,0x00000000f7c80000)
  from space 48640K, 83% used [0x00000000fb080000,0x00000000fd82c3b0,0x00000000fe000000)
  to   space 53248K, 0% used [0x00000000f7c80000,0x00000000f7c80000,0x00000000fb080000)
 ParOldGen       total 136704K, used 45627K [0x00000000c0000000, 0x00000000c8580000, 0x00000000eaa80000)
  object space 136704K, 33% used [0x00000000c0000000,0x00000000c2c8ed18,0x00000000c8580000)
 PSPermGen       total 117760K, used 98573K [0x00000000b0000000, 0x00000000b7300000, 0x00000000c0000000)
  object space 117760K, 83% used [0x00000000b0000000,0x00000000b6043468,0x00000000b7300000)
Event: 5075.273 GC heap after
Heap after GC invocations=43 (full 8):
 PSYoungGen      total 268288K, used 46784K [0x00000000eaa80000, 0x0000000100000000, 0x0000000100000000)
  eden space 215040K, 0% used [0x00000000eaa80000,0x00000000eaa80000,0x00000000f7c80000)
  from space 53248K, 87% used [0x00000000f7c80000,0x00000000faa30308,0x00000000fb080000)
  to   space 59392K, 0% used [0x00000000fc600000,0x00000000fc600000,0x0000000100000000)
 ParOldGen       total 136704K, used 45627K [0x00000000c0000000, 0x00000000c8580000, 0x00000000eaa80000)
  object space 136704K, 33% used [0x00000000c0000000,0x00000000c2c8ed18,0x00000000c8580000)
 PSPermGen       total 117760K, used 98573K [0x00000000b0000000, 0x00000000b7300000, 0x00000000c0000000)
  object space 117760K, 83% used [0x00000000b0000000,0x00000000b6043468,0x00000000b7300000)
}
Event: 5078.328 GC heap before
{Heap before GC invocations=44 (full 8):
 PSYoungGen      total 268288K, used 261824K [0x00000000eaa80000, 0x0000000100000000, 0x0000000100000000)
  eden space 215040K, 100% used [0x00000000eaa80000,0x00000000f7c80000,0x00000000f7c80000)
  from space 53248K, 87% used [0x00000000f7c80000,0x00000000faa30308,0x00000000fb080000)
  to   space 59392K, 0% used [0x00000000fc600000,0x00000000fc600000,0x0000000100000000)
 ParOldGen       total 136704K, used 45627K [0x00000000c0000000, 0x00000000c8580000, 0x00000000eaa80000)
  object space 136704K, 33% used [0x00000000c0000000,0x00000000c2c8ed18,0x00000000c8580000)
 PSPermGen       total 117760K, used 106345K [0x00000000b0000000, 0x00000000b7300000, 0x00000000c0000000)
  object space 117760K, 90% used [0x00000000b0000000,0x00000000b67da6f0,0x00000000b7300000)
Event: 5078.419 GC heap after
Heap after GC invocations=44 (full 8):
 PSYoungGen      total 266752K, used 59388K [0x00000000eaa80000, 0x0000000100000000, 0x0000000100000000)
  eden space 207360K, 0% used [0x00000000eaa80000,0x00000000eaa80000,0x00000000f7500000)
  from space 59392K, 99% used [0x00000000fc600000,0x00000000fffff3d0,0x0000000100000000)
  to   space 71168K, 0% used [0x00000000f7500000,0x00000000f7500000,0x00000000fba80000)
 ParOldGen       total 136704K, used 52078K [0x00000000c0000000, 0x00000000c8580000, 0x00000000eaa80000)
  object space 136704K, 38% used [0x00000000c0000000,0x00000000c32db8b0,0x00000000c8580000)
 PSPermGen       total 117760K, used 106345K [0x00000000b0000000, 0x00000000b7300000, 0x00000000c0000000)
  object space 117760K, 90% used [0x00000000b0000000,0x00000000b67da6f0,0x00000000b7300000)
}
Event: 5089.510 GC heap before
{Heap before GC invocations=45 (full 8):
 PSYoungGen      total 266752K, used 266748K [0x00000000eaa80000, 0x0000000100000000, 0x0000000100000000)
  eden space 207360K, 100% used [0x00000000eaa80000,0x00000000f7500000,0x00000000f7500000)
  from space 59392K, 99% used [0x00000000fc600000,0x00000000fffff3d0,0x0000000100000000)
  to   space 71168K, 0% used [0x00000000f7500000,0x00000000f7500000,0x00000000fba80000)
 ParOldGen       total 136704K, used 52078K [0x00000000c0000000, 0x00000000c8580000, 0x00000000eaa80000)
  object space 136704K, 38% used [0x00000000c0000000,0x00000000c32db8b0,0x00000000c8580000)
 PSPermGen       total 117760K, used 110869K [0x00000000b0000000, 0x00000000b7300000, 0x00000000c0000000)
  object space 117760K, 94% used [0x00000000b0000000,0x00000000b6c45448,0x00000000b7300000)
Event: 5089.634 GC heap after
Heap after GC invocations=45 (full 8):
 PSYoungGen      total 278528K, used 70657K [0x00000000eaa80000, 0x0000000100000000, 0x0000000100000000)
  eden space 207360K, 0% used [0x00000000eaa80000,0x00000000eaa80000,0x00000000f7500000)
  from space 71168K, 99% used [0x00000000f7500000,0x00000000fba00480,0x00000000fba80000)
  to   space 71168K, 0% used [0x00000000fba80000,0x00000000fba80000,0x0000000100000000)
 ParOldGen       total 136704K, used 52078K [0x00000000c0000000, 0x00000000c8580000, 0x00000000eaa80000)
  object space 136704K, 38% used [0x00000000c0000000,0x00000000c32db8b0,0x00000000c8580000)
 PSPermGen       total 117760K, used 110869K [0x00000000b0000000, 0x00000000b7300000, 0x00000000c0000000)
  object space 117760K, 94% used [0x00000000b0000000,0x00000000b6c45448,0x00000000b7300000)
}

