# JRE version: Java(TM) SE Runtime Environment (8.0_05-b13) (build 1.8.0_05-b13)
# Java VM: Java HotSpot(TM) 64-Bit Server VM (25.5-b02 mixed mode windows-amd64 compressed oops)
Heap:
 PSYoungGen      total 93696K, used 46686K [0x00000000eab00000, 0x00000000f1c00000, 0x0000000100000000)
  eden space 86016K, 48% used [0x00000000eab00000,0x00000000ed39f2f8,0x00000000eff00000)
  from space 7680K, 66% used [0x00000000f0b00000,0x00000000f0ff8870,0x00000000f1280000)
  to   space 12288K, 0% used [0x00000000eff00000,0x00000000eff00000,0x00000000f0b00000)
 ParOldGen       total 31744K, used 22512K [0x00000000c0000000, 0x00000000c1f00000, 0x00000000eab00000)
  object space 31744K, 70% used [0x00000000c0000000,0x00000000c15fc3d0,0x00000000c1f00000)
 Metaspace       used 35320K, capacity 36884K, committed 37248K, reserved 1081344K
  class space    used 4768K, capacity 5382K, committed 5504K, reserved 1048576K
GC Heap History (10 events):
Event: 4.896 GC heap before
{Heap before GC invocations=25 (full 2):
 PSYoungGen      total 84480K, used 84180K [0x00000000eab00000, 0x00000000f0b80000, 0x0000000100000000)
  eden space 81920K, 100% used [0x00000000eab00000,0x00000000efb00000,0x00000000efb00000)
  from space 2560K, 88% used [0x00000000f0900000,0x00000000f0b35010,0x00000000f0b80000)
  to   space 5632K, 0% used [0x00000000f0080000,0x00000000f0080000,0x00000000f0600000)
 ParOldGen       total 15360K, used 11727K [0x00000000c0000000, 0x00000000c0f00000, 0x00000000eab00000)
  object space 15360K, 76% used [0x00000000c0000000,0x00000000c0b73c88,0x00000000c0f00000)
 Metaspace       used 26951K, capacity 27710K, committed 27776K, reserved 1073152K
  class space    used 3598K, capacity 3906K, committed 3968K, reserved 1048576K
Event: 4.900 GC heap after
Heap after GC invocations=25 (full 2):
 PSYoungGen      total 92672K, used 5513K [0x00000000eab00000, 0x00000000f0d00000, 0x0000000100000000)
  eden space 87040K, 0% used [0x00000000eab00000,0x00000000eab00000,0x00000000f0000000)
  from space 5632K, 97% used [0x00000000f0080000,0x00000000f05e2590,0x00000000f0600000)
  to   space 6656K, 0% used [0x00000000f0680000,0x00000000f0680000,0x00000000f0d00000)
 ParOldGen       total 15360K, used 11799K [0x00000000c0000000, 0x00000000c0f00000, 0x00000000eab00000)
  object space 15360K, 76% used [0x00000000c0000000,0x00000000c0b85c98,0x00000000c0f00000)
 Metaspace       used 26951K, capacity 27710K, committed 27776K, reserved 1073152K
  class space    used 3598K, capacity 3906K, committed 3968K, reserved 1048576K
}
Event: 5.386 GC heap before
{Heap before GC invocations=26 (full 2):
 PSYoungGen      total 92672K, used 92553K [0x00000000eab00000, 0x00000000f0d00000, 0x0000000100000000)
  eden space 87040K, 100% used [0x00000000eab00000,0x00000000f0000000,0x00000000f0000000)
  from space 5632K, 97% used [0x00000000f0080000,0x00000000f05e2590,0x00000000f0600000)
  to   space 6656K, 0% used [0x00000000f0680000,0x00000000f0680000,0x00000000f0d00000)
 ParOldGen       total 15360K, used 11799K [0x00000000c0000000, 0x00000000c0f00000, 0x00000000eab00000)
  object space 15360K, 76% used [0x00000000c0000000,0x00000000c0b85c98,0x00000000c0f00000)
 Metaspace       used 27458K, capacity 28240K, committed 28544K, reserved 1073152K
  class space    used 3641K, capacity 3909K, committed 3968K, reserved 1048576K
Event: 5.390 GC heap after
Heap after GC invocations=26 (full 2):
 PSYoungGen      total 93184K, used 5088K [0x00000000eab00000, 0x00000000f1300000, 0x0000000100000000)
  eden space 86528K, 0% used [0x00000000eab00000,0x00000000eab00000,0x00000000eff80000)
  from space 6656K, 76% used [0x00000000f0680000,0x00000000f0b78030,0x00000000f0d00000)
  to   space 7168K, 0% used [0x00000000eff80000,0x00000000eff80000,0x00000000f0680000)
 ParOldGen       total 15360K, used 11807K [0x00000000c0000000, 0x00000000c0f00000, 0x00000000eab00000)
  object space 15360K, 76% used [0x00000000c0000000,0x00000000c0b87c98,0x00000000c0f00000)
 Metaspace       used 27458K, capacity 28240K, committed 28544K, reserved 1073152K
  class space    used 3641K, capacity 3909K, committed 3968K, reserved 1048576K
}
Event: 5.673 GC heap before
{Heap before GC invocations=27 (full 2):
 PSYoungGen      total 93184K, used 91616K [0x00000000eab00000, 0x00000000f1300000, 0x0000000100000000)
  eden space 86528K, 100% used [0x00000000eab00000,0x00000000eff80000,0x00000000eff80000)
  from space 6656K, 76% used [0x00000000f0680000,0x00000000f0b78030,0x00000000f0d00000)
  to   space 7168K, 0% used [0x00000000eff80000,0x00000000eff80000,0x00000000f0680000)
 ParOldGen       total 15360K, used 11807K [0x00000000c0000000, 0x00000000c0f00000, 0x00000000eab00000)
  object space 15360K, 76% used [0x00000000c0000000,0x00000000c0b87c98,0x00000000c0f00000)
 Metaspace       used 27603K, capacity 28532K, committed 28672K, reserved 1073152K
  class space    used 3660K, capacity 3977K, committed 4096K, reserved 1048576K
Event: 5.678 GC heap after
Heap after GC invocations=27 (full 2):
 PSYoungGen      total 93696K, used 5556K [0x00000000eab00000, 0x00000000f1280000, 0x0000000100000000)
  eden space 86528K, 0% used [0x00000000eab00000,0x00000000eab00000,0x00000000eff80000)
  from space 7168K, 77% used [0x00000000eff80000,0x00000000f04ed040,0x00000000f0680000)
  to   space 7680K, 0% used [0x00000000f0b00000,0x00000000f0b00000,0x00000000f1280000)
 ParOldGen       total 15360K, used 11807K [0x00000000c0000000, 0x00000000c0f00000, 0x00000000eab00000)
  object space 15360K, 76% used [0x00000000c0000000,0x00000000c0b87c98,0x00000000c0f00000)
 Metaspace       used 27603K, capacity 28532K, committed 28672K, reserved 1073152K
  class space    used 3660K, capacity 3977K, committed 4096K, reserved 1048576K
}
Event: 6.357 GC heap before
{Heap before GC invocations=28 (full 2):
 PSYoungGen      total 93696K, used 92084K [0x00000000eab00000, 0x00000000f1280000, 0x0000000100000000)
  eden space 86528K, 100% used [0x00000000eab00000,0x00000000eff80000,0x00000000eff80000)
  from space 7168K, 77% used [0x00000000eff80000,0x00000000f04ed040,0x00000000f0680000)
  to   space 7680K, 0% used [0x00000000f0b00000,0x00000000f0b00000,0x00000000f1280000)
 ParOldGen       total 15360K, used 11807K [0x00000000c0000000, 0x00000000c0f00000, 0x00000000eab00000)
  object space 15360K, 76% used [0x00000000c0000000,0x00000000c0b87c98,0x00000000c0f00000)
 Metaspace       used 31840K, capacity 33158K, committed 33280K, reserved 1077248K
  class space    used 4277K, capacity 4796K, committed 4864K, reserved 1048576K
Event: 6.369 GC heap after
Heap after GC invocations=28 (full 2):
 PSYoungGen      total 93696K, used 7664K [0x00000000eab00000, 0x00000000f1c00000, 0x0000000100000000)
  eden space 86016K, 0% used [0x00000000eab00000,0x00000000eab00000,0x00000000eff00000)
  from space 7680K, 99% used [0x00000000f0b00000,0x00000000f127c030,0x00000000f1280000)
  to   space 12288K, 0% used [0x00000000eff00000,0x00000000eff00000,0x00000000f0b00000)
 ParOldGen       total 22528K, used 21330K [0x00000000c0000000, 0x00000000c1600000, 0x00000000eab00000)
  object space 22528K, 94% used [0x00000000c0000000,0x00000000c14d4988,0x00000000c1600000)
 Metaspace       used 31840K, capacity 33158K, committed 33280K, reserved 1077248K
  class space    used 4277K, capacity 4796K, committed 4864K, reserved 1048576K
}
Event: 6.369 GC heap before
{Heap before GC invocations=29 (full 3):
 PSYoungGen      total 93696K, used 7664K [0x00000000eab00000, 0x00000000f1c00000, 0x0000000100000000)
  eden space 86016K, 0% used [0x00000000eab00000,0x00000000eab00000,0x00000000eff00000)
  from space 7680K, 99% used [0x00000000f0b00000,0x00000000f127c030,0x00000000f1280000)
  to   space 12288K, 0% used [0x00000000eff00000,0x00000000eff00000,0x00000000f0b00000)
 ParOldGen       total 22528K, used 21330K [0x00000000c0000000, 0x00000000c1600000, 0x00000000eab00000)
  object space 22528K, 94% used [0x00000000c0000000,0x00000000c14d4988,0x00000000c1600000)
 Metaspace       used 31840K, capacity 33158K, committed 33280K, reserved 1077248K
  class space    used 4277K, capacity 4796K, committed 4864K, reserved 1048576K
Event: 6.544 GC heap after
Heap after GC invocations=29 (full 3):
 PSYoungGen      total 93696K, used 5090K [0x00000000eab00000, 0x00000000f1c00000, 0x0000000100000000)
  eden space 86016K, 0% used [0x00000000eab00000,0x00000000eab00000,0x00000000eff00000)
  from space 7680K, 66% used [0x00000000f0b00000,0x00000000f0ff8870,0x00000000f1280000)
  to   space 12288K, 0% used [0x00000000eff00000,0x00000000eff00000,0x00000000f0b00000)
 ParOldGen       total 31744K, used 22512K [0x00000000c0000000, 0x00000000c1f00000, 0x00000000eab00000)
  object space 31744K, 70% used [0x00000000c0000000,0x00000000c15fc3d0,0x00000000c1f00000)
 Metaspace       used 31840K, capacity 33158K, committed 33280K, reserved 1077248K
  class space    used 4277K, capacity 4796K, committed 4864K, reserved 1048576K
}

