# JRE version: Java(TM) SE Runtime Environment (7.0_71-b14) (build 1.7.0_71-b14)
# Java VM: Java HotSpot(TM) 64-Bit Server VM (24.71-b01 mixed mode windows-amd64 compressed oops)
Heap
 PSYoungGen      total 281600K, used 100930K [0x00000000eaa80000, 0x00000000ff500000, 0x0000000100000000)
  eden space 230912K, 41% used [0x00000000eaa80000,0x00000000f08dcbb8,0x00000000f8c00000)
  from space 50688K, 8% used [0x00000000fc380000,0x00000000fc7b4030,0x00000000ff500000)
  to   space 53760K, 0% used [0x00000000f8c00000,0x00000000f8c00000,0x00000000fc080000)
 ParOldGen       total 259584K, used 100759K [0x00000000c0000000, 0x00000000cfd80000, 0x00000000eaa80000)
  object space 259584K, 38% used [0x00000000c0000000,0x00000000c6265e28,0x00000000cfd80000)
 PSPermGen       total 173568K, used 156205K [0x00000000b0000000, 0x00000000ba980000, 0x00000000c0000000)
  object space 173568K, 89% used [0x00000000b0000000,0x00000000b988b5c0,0x00000000ba980000)
GC Heap History (10 events):
Event: 39406.619 GC heap before
{Heap before GC invocations=174 (full 55):
 PSYoungGen      total 282112K, used 233984K [0x00000000eaa80000, 0x00000000fef00000, 0x0000000100000000)
  eden space 233984K, 100% used [0x00000000eaa80000,0x00000000f8f00000,0x00000000f8f00000)
  from space 48128K, 0% used [0x00000000fc000000,0x00000000fc000000,0x00000000fef00000)
  to   space 49152K, 0% used [0x00000000f8f00000,0x00000000f8f00000,0x00000000fbf00000)
 ParOldGen       total 259584K, used 69606K [0x00000000c0000000, 0x00000000cfd80000, 0x00000000eaa80000)
  object space 259584K, 26% used [0x00000000c0000000,0x00000000c43f9990,0x00000000cfd80000)
 PSPermGen       total 158208K, used 142968K [0x00000000b0000000, 0x00000000b9a80000, 0x00000000c0000000)
  object space 158208K, 90% used [0x00000000b0000000,0x00000000b8b9e0a0,0x00000000b9a80000)
Event: 39406.662 GC heap after
Heap after GC invocations=174 (full 55):
 PSYoungGen      total 257536K, used 23362K [0x00000000eaa80000, 0x00000000feb80000, 0x0000000100000000)
  eden space 233984K, 0% used [0x00000000eaa80000,0x00000000eaa80000,0x00000000f8f00000)
  from space 23552K, 99% used [0x00000000f8f00000,0x00000000fa5d0aa0,0x00000000fa600000)
  to   space 47104K, 0% used [0x00000000fbd80000,0x00000000fbd80000,0x00000000feb80000)
 ParOldGen       total 259584K, used 69606K [0x00000000c0000000, 0x00000000cfd80000, 0x00000000eaa80000)
  object space 259584K, 26% used [0x00000000c0000000,0x00000000c43f9990,0x00000000cfd80000)
 PSPermGen       total 158208K, used 142968K [0x00000000b0000000, 0x00000000b9a80000, 0x00000000c0000000)
  object space 158208K, 90% used [0x00000000b0000000,0x00000000b8b9e0a0,0x00000000b9a80000)
}
Event: 39413.481 GC heap before
{Heap before GC invocations=175 (full 55):
 PSYoungGen      total 257536K, used 257346K [0x00000000eaa80000, 0x00000000feb80000, 0x0000000100000000)
  eden space 233984K, 100% used [0x00000000eaa80000,0x00000000f8f00000,0x00000000f8f00000)
  from space 23552K, 99% used [0x00000000f8f00000,0x00000000fa5d0aa0,0x00000000fa600000)
  to   space 47104K, 0% used [0x00000000fbd80000,0x00000000fbd80000,0x00000000feb80000)
 ParOldGen       total 259584K, used 69606K [0x00000000c0000000, 0x00000000cfd80000, 0x00000000eaa80000)
  object space 259584K, 26% used [0x00000000c0000000,0x00000000c43f9990,0x00000000cfd80000)
 PSPermGen       total 158208K, used 150190K [0x00000000b0000000, 0x00000000b9a80000, 0x00000000c0000000)
  object space 158208K, 94% used [0x00000000b0000000,0x00000000b92ab800,0x00000000b9a80000)
Event: 39413.829 GC heap after
Heap after GC invocations=175 (full 55):
 PSYoungGen      total 276992K, used 44176K [0x00000000eaa80000, 0x00000000ff580000, 0x0000000100000000)
  eden space 229888K, 0% used [0x00000000eaa80000,0x00000000eaa80000,0x00000000f8b00000)
  from space 47104K, 93% used [0x00000000fbd80000,0x00000000fe8a4328,0x00000000feb80000)
  to   space 51712K, 0% used [0x00000000f8b00000,0x00000000f8b00000,0x00000000fbd80000)
 ParOldGen       total 259584K, used 69606K [0x00000000c0000000, 0x00000000cfd80000, 0x00000000eaa80000)
  object space 259584K, 26% used [0x00000000c0000000,0x00000000c43f9990,0x00000000cfd80000)
 PSPermGen       total 158208K, used 150190K [0x00000000b0000000, 0x00000000b9a80000, 0x00000000c0000000)
  object space 158208K, 94% used [0x00000000b0000000,0x00000000b92ab800,0x00000000b9a80000)
}
Event: 39414.536 GC heap before
{Heap before GC invocations=176 (full 55):
 PSYoungGen      total 276992K, used 59986K [0x00000000eaa80000, 0x00000000ff580000, 0x0000000100000000)
  eden space 229888K, 6% used [0x00000000eaa80000,0x00000000eb9f0720,0x00000000f8b00000)
  from space 47104K, 93% used [0x00000000fbd80000,0x00000000fe8a4328,0x00000000feb80000)
  to   space 51712K, 0% used [0x00000000f8b00000,0x00000000f8b00000,0x00000000fbd80000)
 ParOldGen       total 259584K, used 69606K [0x00000000c0000000, 0x00000000cfd80000, 0x00000000eaa80000)
  object space 259584K, 26% used [0x00000000c0000000,0x00000000c43f9990,0x00000000cfd80000)
 PSPermGen       total 158208K, used 150933K [0x00000000b0000000, 0x00000000b9a80000, 0x00000000c0000000)
  object space 158208K, 95% used [0x00000000b0000000,0x00000000b9365590,0x00000000b9a80000)
Event: 39414.584 GC heap after
Heap after GC invocations=176 (full 55):
 PSYoungGen      total 281600K, used 34770K [0x00000000eaa80000, 0x00000000ff680000, 0x0000000100000000)
  eden space 229888K, 0% used [0x00000000eaa80000,0x00000000eaa80000,0x00000000f8b00000)
  from space 51712K, 67% used [0x00000000f8b00000,0x00000000facf4af8,0x00000000fbd80000)
  to   space 52224K, 0% used [0x00000000fc380000,0x00000000fc380000,0x00000000ff680000)
 ParOldGen       total 259584K, used 69606K [0x00000000c0000000, 0x00000000cfd80000, 0x00000000eaa80000)
  object space 259584K, 26% used [0x00000000c0000000,0x00000000c43f9990,0x00000000cfd80000)
 PSPermGen       total 158208K, used 150933K [0x00000000b0000000, 0x00000000b9a80000, 0x00000000c0000000)
  object space 158208K, 95% used [0x00000000b0000000,0x00000000b9365590,0x00000000b9a80000)
}
Event: 39414.584 GC heap before
{Heap before GC invocations=177 (full 56):
 PSYoungGen      total 281600K, used 34770K [0x00000000eaa80000, 0x00000000ff680000, 0x0000000100000000)
  eden space 229888K, 0% used [0x00000000eaa80000,0x00000000eaa80000,0x00000000f8b00000)
  from space 51712K, 67% used [0x00000000f8b00000,0x00000000facf4af8,0x00000000fbd80000)
  to   space 52224K, 0% used [0x00000000fc380000,0x00000000fc380000,0x00000000ff680000)
 ParOldGen       total 259584K, used 69606K [0x00000000c0000000, 0x00000000cfd80000, 0x00000000eaa80000)
  object space 259584K, 26% used [0x00000000c0000000,0x00000000c43f9990,0x00000000cfd80000)
 PSPermGen       total 158208K, used 150933K [0x00000000b0000000, 0x00000000b9a80000, 0x00000000c0000000)
  object space 158208K, 95% used [0x00000000b0000000,0x00000000b9365590,0x00000000b9a80000)
Event: 39415.735 GC heap after
Heap after GC invocations=177 (full 56):
 PSYoungGen      total 281600K, used 0K [0x00000000eaa80000, 0x00000000ff680000, 0x0000000100000000)
  eden space 229888K, 0% used [0x00000000eaa80000,0x00000000eaa80000,0x00000000f8b00000)
  from space 51712K, 0% used [0x00000000f8b00000,0x00000000f8b00000,0x00000000fbd80000)
  to   space 52224K, 0% used [0x00000000fc380000,0x00000000fc380000,0x00000000ff680000)
 ParOldGen       total 259584K, used 100759K [0x00000000c0000000, 0x00000000cfd80000, 0x00000000eaa80000)
  object space 259584K, 38% used [0x00000000c0000000,0x00000000c6265e28,0x00000000cfd80000)
 PSPermGen       total 173568K, used 150855K [0x00000000b0000000, 0x00000000ba980000, 0x00000000c0000000)
  object space 173568K, 86% used [0x00000000b0000000,0x00000000b9351f58,0x00000000ba980000)
}
Event: 39654.083 GC heap before
{Heap before GC invocations=178 (full 56):
 PSYoungGen      total 281600K, used 229888K [0x00000000eaa80000, 0x00000000ff680000, 0x0000000100000000)
  eden space 229888K, 100% used [0x00000000eaa80000,0x00000000f8b00000,0x00000000f8b00000)
  from space 51712K, 0% used [0x00000000f8b00000,0x00000000f8b00000,0x00000000fbd80000)
  to   space 52224K, 0% used [0x00000000fc380000,0x00000000fc380000,0x00000000ff680000)
 ParOldGen       total 259584K, used 100759K [0x00000000c0000000, 0x00000000cfd80000, 0x00000000eaa80000)
  object space 259584K, 38% used [0x00000000c0000000,0x00000000c6265e28,0x00000000cfd80000)
 PSPermGen       total 173568K, used 151172K [0x00000000b0000000, 0x00000000ba980000, 0x00000000c0000000)
  object space 173568K, 87% used [0x00000000b0000000,0x00000000b93a12d8,0x00000000ba980000)
Event: 39654.096 GC heap after
Heap after GC invocations=178 (full 56):
 PSYoungGen      total 281600K, used 4304K [0x00000000eaa80000, 0x00000000ff500000, 0x0000000100000000)
  eden space 230912K, 0% used [0x00000000eaa80000,0x00000000eaa80000,0x00000000f8c00000)
  from space 50688K, 8% used [0x00000000fc380000,0x00000000fc7b4030,0x00000000ff500000)
  to   space 53760K, 0% used [0x00000000f8c00000,0x00000000f8c00000,0x00000000fc080000)
 ParOldGen       total 259584K, used 100759K [0x00000000c0000000, 0x00000000cfd80000, 0x00000000eaa80000)
  object space 259584K, 38% used [0x00000000c0000000,0x00000000c6265e28,0x00000000cfd80000)
 PSPermGen       total 173568K, used 151172K [0x00000000b0000000, 0x00000000ba980000, 0x00000000c0000000)
  object space 173568K, 87% used [0x00000000b0000000,0x00000000b93a12d8,0x00000000ba980000)
}

